mode: set
github.com/romakorinenko/task-manager/docs/docs.go:793.13,795.2 1 0
github.com/romakorinenko/task-manager/cmd/task_manager.go:29.13,33.16 3 0
github.com/romakorinenko/task-manager/cmd/task_manager.go:33.16,35.3 1 0
github.com/romakorinenko/task-manager/cmd/task_manager.go:37.2,44.83 6 0
github.com/romakorinenko/task-manager/cmd/task_manager.go:47.40,50.16 3 0
github.com/romakorinenko/task-manager/cmd/task_manager.go:50.16,52.3 1 0
github.com/romakorinenko/task-manager/cmd/task_manager.go:54.2,56.23 3 0
github.com/romakorinenko/task-manager/cmd/task_manager.go:56.23,58.3 1 0
github.com/romakorinenko/task-manager/cmd/task_manager.go:59.2,59.71 1 0
github.com/romakorinenko/task-manager/cmd/task_manager.go:59.71,61.3 1 0
github.com/romakorinenko/task-manager/configs/loader.go:14.41,17.53 2 0
github.com/romakorinenko/task-manager/configs/loader.go:17.53,19.3 1 0
github.com/romakorinenko/task-manager/configs/loader.go:21.2,21.15 1 0
github.com/romakorinenko/task-manager/internal/errs/err.go:5.39,7.2 1 0
github.com/romakorinenko/task-manager/internal/errs/err.go:11.35,13.2 1 0
github.com/romakorinenko/task-manager/internal/dbpool/dbpool.go:10.78,12.16 2 0
github.com/romakorinenko/task-manager/internal/dbpool/dbpool.go:12.16,14.3 1 0
github.com/romakorinenko/task-manager/internal/dbpool/dbpool.go:15.2,15.45 1 0
github.com/romakorinenko/task-manager/internal/repository/task_repository.go:63.50,65.2 1 0
github.com/romakorinenko/task-manager/internal/repository/task_repository.go:67.73,69.16 2 0
github.com/romakorinenko/task-manager/internal/repository/task_repository.go:69.16,71.3 1 0
github.com/romakorinenko/task-manager/internal/repository/task_repository.go:73.2,79.64 5 0
github.com/romakorinenko/task-manager/internal/repository/task_repository.go:79.64,81.3 1 0
github.com/romakorinenko/task-manager/internal/repository/task_repository.go:83.2,83.21 1 0
github.com/romakorinenko/task-manager/internal/repository/task_repository.go:86.66,101.16 5 0
github.com/romakorinenko/task-manager/internal/repository/task_repository.go:101.16,103.3 1 0
github.com/romakorinenko/task-manager/internal/repository/task_repository.go:105.2,105.12 1 0
github.com/romakorinenko/task-manager/internal/repository/task_repository.go:108.70,115.2 4 0
github.com/romakorinenko/task-manager/internal/repository/task_repository.go:117.76,125.63 6 0
github.com/romakorinenko/task-manager/internal/repository/task_repository.go:125.63,127.3 1 0
github.com/romakorinenko/task-manager/internal/repository/task_repository.go:129.2,129.19 1 0
github.com/romakorinenko/task-manager/internal/repository/task_repository.go:132.90,139.16 4 0
github.com/romakorinenko/task-manager/internal/repository/task_repository.go:139.16,141.3 1 0
github.com/romakorinenko/task-manager/internal/repository/task_repository.go:142.2,145.18 3 0
github.com/romakorinenko/task-manager/internal/repository/task_repository.go:145.18,148.24 3 0
github.com/romakorinenko/task-manager/internal/repository/task_repository.go:148.24,150.4 1 0
github.com/romakorinenko/task-manager/internal/repository/task_repository.go:151.3,151.26 1 0
github.com/romakorinenko/task-manager/internal/repository/task_repository.go:154.2,154.17 1 0
github.com/romakorinenko/task-manager/internal/repository/task_repository.go:157.84,173.16 4 0
github.com/romakorinenko/task-manager/internal/repository/task_repository.go:173.16,175.3 1 0
github.com/romakorinenko/task-manager/internal/repository/task_repository.go:176.2,179.18 3 0
github.com/romakorinenko/task-manager/internal/repository/task_repository.go:179.18,182.24 3 0
github.com/romakorinenko/task-manager/internal/repository/task_repository.go:182.24,184.4 1 0
github.com/romakorinenko/task-manager/internal/repository/task_repository.go:185.3,185.26 1 0
github.com/romakorinenko/task-manager/internal/repository/task_repository.go:187.2,187.17 1 0
github.com/romakorinenko/task-manager/internal/repository/task_repository.go:190.104,208.16 4 0
github.com/romakorinenko/task-manager/internal/repository/task_repository.go:208.16,210.3 1 0
github.com/romakorinenko/task-manager/internal/repository/task_repository.go:211.2,214.18 3 0
github.com/romakorinenko/task-manager/internal/repository/task_repository.go:214.18,217.24 3 0
github.com/romakorinenko/task-manager/internal/repository/task_repository.go:217.24,219.4 1 0
github.com/romakorinenko/task-manager/internal/repository/task_repository.go:220.3,220.26 1 0
github.com/romakorinenko/task-manager/internal/repository/task_repository.go:223.2,223.17 1 0
github.com/romakorinenko/task-manager/internal/repository/task_repository.go:226.98,241.63 6 0
github.com/romakorinenko/task-manager/internal/repository/task_repository.go:241.63,243.3 1 0
github.com/romakorinenko/task-manager/internal/repository/task_repository.go:245.2,245.19 1 0
github.com/romakorinenko/task-manager/internal/repository/task_repository.go:248.84,255.16 4 0
github.com/romakorinenko/task-manager/internal/repository/task_repository.go:255.16,257.3 1 0
github.com/romakorinenko/task-manager/internal/repository/task_repository.go:258.2,261.18 3 0
github.com/romakorinenko/task-manager/internal/repository/task_repository.go:261.18,263.76 2 0
github.com/romakorinenko/task-manager/internal/repository/task_repository.go:263.76,266.4 2 0
github.com/romakorinenko/task-manager/internal/repository/task_repository.go:268.3,268.26 1 0
github.com/romakorinenko/task-manager/internal/repository/task_repository.go:271.2,271.17 1 0
github.com/romakorinenko/task-manager/internal/repository/task_repository.go:274.85,281.16 4 0
github.com/romakorinenko/task-manager/internal/repository/task_repository.go:281.16,283.3 1 0
github.com/romakorinenko/task-manager/internal/repository/task_repository.go:284.2,287.18 3 0
github.com/romakorinenko/task-manager/internal/repository/task_repository.go:287.18,289.76 2 0
github.com/romakorinenko/task-manager/internal/repository/task_repository.go:289.76,292.4 2 0
github.com/romakorinenko/task-manager/internal/repository/task_repository.go:294.3,294.26 1 0
github.com/romakorinenko/task-manager/internal/repository/task_repository.go:297.2,297.17 1 0
github.com/romakorinenko/task-manager/internal/repository/task_repository.go:300.73,302.16 2 0
github.com/romakorinenko/task-manager/internal/repository/task_repository.go:302.16,304.3 1 0
github.com/romakorinenko/task-manager/internal/repository/task_repository.go:305.2,307.17 2 0
github.com/romakorinenko/task-manager/internal/repository/task_repository.go:307.17,310.24 3 0
github.com/romakorinenko/task-manager/internal/repository/task_repository.go:310.24,312.4 1 0
github.com/romakorinenko/task-manager/internal/repository/task_repository.go:313.3,313.17 1 0
github.com/romakorinenko/task-manager/internal/repository/task_repository.go:315.2,315.71 1 0
github.com/romakorinenko/task-manager/internal/repository/user_repository.go:40.50,42.2 1 0
github.com/romakorinenko/task-manager/internal/repository/user_repository.go:44.66,46.16 2 0
github.com/romakorinenko/task-manager/internal/repository/user_repository.go:46.16,48.3 1 0
github.com/romakorinenko/task-manager/internal/repository/user_repository.go:49.2,58.64 7 0
github.com/romakorinenko/task-manager/internal/repository/user_repository.go:58.64,60.3 1 0
github.com/romakorinenko/task-manager/internal/repository/user_repository.go:62.2,62.13 1 0
github.com/romakorinenko/task-manager/internal/repository/user_repository.go:65.71,74.2 4 0
github.com/romakorinenko/task-manager/internal/repository/user_repository.go:76.85,83.60 5 0
github.com/romakorinenko/task-manager/internal/repository/user_repository.go:83.60,85.3 1 0
github.com/romakorinenko/task-manager/internal/repository/user_repository.go:87.2,87.19 1 0
github.com/romakorinenko/task-manager/internal/repository/user_repository.go:90.55,96.16 3 0
github.com/romakorinenko/task-manager/internal/repository/user_repository.go:96.16,98.3 1 0
github.com/romakorinenko/task-manager/internal/repository/user_repository.go:99.2,102.18 3 0
github.com/romakorinenko/task-manager/internal/repository/user_repository.go:102.18,105.24 3 0
github.com/romakorinenko/task-manager/internal/repository/user_repository.go:105.24,107.4 1 0
github.com/romakorinenko/task-manager/internal/repository/user_repository.go:108.3,108.26 1 0
github.com/romakorinenko/task-manager/internal/repository/user_repository.go:111.2,111.12 1 0
github.com/romakorinenko/task-manager/internal/repository/user_repository.go:114.73,116.16 2 0
github.com/romakorinenko/task-manager/internal/repository/user_repository.go:116.16,118.3 1 0
github.com/romakorinenko/task-manager/internal/repository/user_repository.go:119.2,121.17 2 0
github.com/romakorinenko/task-manager/internal/repository/user_repository.go:121.17,124.24 3 0
github.com/romakorinenko/task-manager/internal/repository/user_repository.go:124.24,126.4 1 0
github.com/romakorinenko/task-manager/internal/repository/user_repository.go:127.3,127.17 1 0
github.com/romakorinenko/task-manager/internal/repository/user_repository.go:129.2,129.71 1 0
github.com/romakorinenko/task-manager/internal/repository/mocks/task_repository_mocks.go:32.63,36.2 3 0
github.com/romakorinenko/task-manager/internal/repository/mocks/task_repository_mocks.go:39.61,41.2 1 0
github.com/romakorinenko/task-manager/internal/repository/mocks/task_repository_mocks.go:44.89,50.2 5 0
github.com/romakorinenko/task-manager/internal/repository/mocks/task_repository_mocks.go:53.73,56.2 2 0
github.com/romakorinenko/task-manager/internal/repository/mocks/task_repository_mocks.go:59.75,64.2 4 0
github.com/romakorinenko/task-manager/internal/repository/mocks/task_repository_mocks.go:67.79,70.2 2 0
github.com/romakorinenko/task-manager/internal/repository/mocks/task_repository_mocks.go:73.92,79.2 5 0
github.com/romakorinenko/task-manager/internal/repository/mocks/task_repository_mocks.go:82.76,85.2 2 0
github.com/romakorinenko/task-manager/internal/repository/mocks/task_repository_mocks.go:88.101,94.2 5 0
github.com/romakorinenko/task-manager/internal/repository/mocks/task_repository_mocks.go:97.84,100.2 2 0
github.com/romakorinenko/task-manager/internal/repository/mocks/task_repository_mocks.go:103.100,109.2 5 0
github.com/romakorinenko/task-manager/internal/repository/mocks/task_repository_mocks.go:112.80,115.2 2 0
github.com/romakorinenko/task-manager/internal/repository/mocks/task_repository_mocks.go:118.106,124.2 5 0
github.com/romakorinenko/task-manager/internal/repository/mocks/task_repository_mocks.go:127.86,130.2 2 0
github.com/romakorinenko/task-manager/internal/repository/mocks/task_repository_mocks.go:133.114,139.2 5 0
github.com/romakorinenko/task-manager/internal/repository/mocks/task_repository_mocks.go:142.89,145.2 2 0
github.com/romakorinenko/task-manager/internal/repository/mocks/task_repository_mocks.go:148.100,154.2 5 0
github.com/romakorinenko/task-manager/internal/repository/mocks/task_repository_mocks.go:157.78,160.2 2 0
github.com/romakorinenko/task-manager/internal/repository/mocks/task_repository_mocks.go:163.120,169.2 5 0
github.com/romakorinenko/task-manager/internal/repository/mocks/task_repository_mocks.go:172.94,175.2 2 0
github.com/romakorinenko/task-manager/internal/repository/mocks/task_repository_mocks.go:178.82,183.2 4 0
github.com/romakorinenko/task-manager/internal/repository/mocks/task_repository_mocks.go:186.73,189.2 2 0
github.com/romakorinenko/task-manager/internal/repository/mocks/user_repository_mocks.go:32.63,36.2 3 0
github.com/romakorinenko/task-manager/internal/repository/mocks/user_repository_mocks.go:39.61,41.2 1 0
github.com/romakorinenko/task-manager/internal/repository/mocks/user_repository_mocks.go:44.76,49.2 4 0
github.com/romakorinenko/task-manager/internal/repository/mocks/user_repository_mocks.go:52.78,55.2 2 0
github.com/romakorinenko/task-manager/internal/repository/mocks/user_repository_mocks.go:58.93,63.2 4 0
github.com/romakorinenko/task-manager/internal/repository/mocks/user_repository_mocks.go:66.73,69.2 2 0
github.com/romakorinenko/task-manager/internal/repository/mocks/user_repository_mocks.go:72.71,77.2 4 0
github.com/romakorinenko/task-manager/internal/repository/mocks/user_repository_mocks.go:80.67,83.2 2 0
github.com/romakorinenko/task-manager/internal/repository/mocks/user_repository_mocks.go:86.101,92.2 5 0
github.com/romakorinenko/task-manager/internal/repository/mocks/user_repository_mocks.go:95.82,98.2 2 0
github.com/romakorinenko/task-manager/test/test_db.go:34.69,39.9 4 0
github.com/romakorinenko/task-manager/test/test_db.go:39.9,41.3 1 0
github.com/romakorinenko/task-manager/test/test_db.go:42.2,57.3 8 0
github.com/romakorinenko/task-manager/test/test_db.go:60.60,88.2 10 0
github.com/romakorinenko/task-manager/test/test_db.go:90.49,91.53 1 0
github.com/romakorinenko/task-manager/test/test_db.go:91.53,93.3 1 0
github.com/romakorinenko/task-manager/test/test_db.go:95.2,95.26 1 0
github.com/romakorinenko/task-manager/test/test_db.go:98.29,100.16 2 0
github.com/romakorinenko/task-manager/test/test_db.go:100.16,102.3 1 0
github.com/romakorinenko/task-manager/test/test_router.go:12.36,15.9 3 0
github.com/romakorinenko/task-manager/test/test_router.go:15.9,17.3 1 0
github.com/romakorinenko/task-manager/test/test_router.go:18.2,25.15 6 0
github.com/romakorinenko/task-manager/internal/server/server.go:29.3,42.16 11 0
github.com/romakorinenko/task-manager/internal/server/server.go:42.16,44.3 1 0
github.com/romakorinenko/task-manager/internal/server/server.go:47.70,53.2 5 0
github.com/romakorinenko/task-manager/internal/server/server.go:53.2,57.3 3 0
github.com/romakorinenko/task-manager/internal/server/server.go:60.70,62.2 2 0
github.com/romakorinenko/task-manager/internal/server/server.go:62.2,73.3 10 0
github.com/romakorinenko/task-manager/internal/server/server.go:76.42,79.2 2 0
github.com/romakorinenko/task-manager/internal/server/server.go:81.44,84.17 3 0
github.com/romakorinenko/task-manager/internal/server/server.go:84.17,86.3 1 0
github.com/romakorinenko/task-manager/internal/server/server.go:89.45,92.17 3 0
github.com/romakorinenko/task-manager/internal/server/server.go:92.17,94.3 1 0
github.com/romakorinenko/task-manager/internal/server/server.go:96.2,97.9 2 0
github.com/romakorinenko/task-manager/internal/server/server.go:97.9,100.3 2 0
github.com/romakorinenko/task-manager/internal/server/server.go:102.2,102.44 1 0
github.com/romakorinenko/task-manager/internal/server/server.go:102.44,105.3 2 0
github.com/romakorinenko/task-manager/internal/errs/err.go:5.39,7.2 1 0
github.com/romakorinenko/task-manager/internal/errs/err.go:11.35,13.2 1 0
github.com/romakorinenko/task-manager/internal/repository/task_repository.go:63.50,65.2 1 0
github.com/romakorinenko/task-manager/internal/repository/task_repository.go:67.73,69.16 2 0
github.com/romakorinenko/task-manager/internal/repository/task_repository.go:69.16,71.3 1 0
github.com/romakorinenko/task-manager/internal/repository/task_repository.go:73.2,79.64 5 0
github.com/romakorinenko/task-manager/internal/repository/task_repository.go:79.64,81.3 1 0
github.com/romakorinenko/task-manager/internal/repository/task_repository.go:83.2,83.21 1 0
github.com/romakorinenko/task-manager/internal/repository/task_repository.go:86.66,101.16 5 0
github.com/romakorinenko/task-manager/internal/repository/task_repository.go:101.16,103.3 1 0
github.com/romakorinenko/task-manager/internal/repository/task_repository.go:105.2,105.12 1 0
github.com/romakorinenko/task-manager/internal/repository/task_repository.go:108.70,115.2 4 0
github.com/romakorinenko/task-manager/internal/repository/task_repository.go:117.76,125.63 6 0
github.com/romakorinenko/task-manager/internal/repository/task_repository.go:125.63,127.3 1 0
github.com/romakorinenko/task-manager/internal/repository/task_repository.go:129.2,129.19 1 0
github.com/romakorinenko/task-manager/internal/repository/task_repository.go:132.90,139.16 4 0
github.com/romakorinenko/task-manager/internal/repository/task_repository.go:139.16,141.3 1 0
github.com/romakorinenko/task-manager/internal/repository/task_repository.go:142.2,145.18 3 0
github.com/romakorinenko/task-manager/internal/repository/task_repository.go:145.18,148.24 3 0
github.com/romakorinenko/task-manager/internal/repository/task_repository.go:148.24,150.4 1 0
github.com/romakorinenko/task-manager/internal/repository/task_repository.go:151.3,151.26 1 0
github.com/romakorinenko/task-manager/internal/repository/task_repository.go:154.2,154.17 1 0
github.com/romakorinenko/task-manager/internal/repository/task_repository.go:157.84,173.16 4 0
github.com/romakorinenko/task-manager/internal/repository/task_repository.go:173.16,175.3 1 0
github.com/romakorinenko/task-manager/internal/repository/task_repository.go:176.2,179.18 3 0
github.com/romakorinenko/task-manager/internal/repository/task_repository.go:179.18,182.24 3 0
github.com/romakorinenko/task-manager/internal/repository/task_repository.go:182.24,184.4 1 0
github.com/romakorinenko/task-manager/internal/repository/task_repository.go:185.3,185.26 1 0
github.com/romakorinenko/task-manager/internal/repository/task_repository.go:187.2,187.17 1 0
github.com/romakorinenko/task-manager/internal/repository/task_repository.go:190.104,208.16 4 0
github.com/romakorinenko/task-manager/internal/repository/task_repository.go:208.16,210.3 1 0
github.com/romakorinenko/task-manager/internal/repository/task_repository.go:211.2,214.18 3 0
github.com/romakorinenko/task-manager/internal/repository/task_repository.go:214.18,217.24 3 0
github.com/romakorinenko/task-manager/internal/repository/task_repository.go:217.24,219.4 1 0
github.com/romakorinenko/task-manager/internal/repository/task_repository.go:220.3,220.26 1 0
github.com/romakorinenko/task-manager/internal/repository/task_repository.go:223.2,223.17 1 0
github.com/romakorinenko/task-manager/internal/repository/task_repository.go:226.98,241.63 6 0
github.com/romakorinenko/task-manager/internal/repository/task_repository.go:241.63,243.3 1 0
github.com/romakorinenko/task-manager/internal/repository/task_repository.go:245.2,245.19 1 0
github.com/romakorinenko/task-manager/internal/repository/task_repository.go:248.84,255.16 4 0
github.com/romakorinenko/task-manager/internal/repository/task_repository.go:255.16,257.3 1 0
github.com/romakorinenko/task-manager/internal/repository/task_repository.go:258.2,261.18 3 0
github.com/romakorinenko/task-manager/internal/repository/task_repository.go:261.18,263.76 2 0
github.com/romakorinenko/task-manager/internal/repository/task_repository.go:263.76,266.4 2 0
github.com/romakorinenko/task-manager/internal/repository/task_repository.go:268.3,268.26 1 0
github.com/romakorinenko/task-manager/internal/repository/task_repository.go:271.2,271.17 1 0
github.com/romakorinenko/task-manager/internal/repository/task_repository.go:274.85,281.16 4 0
github.com/romakorinenko/task-manager/internal/repository/task_repository.go:281.16,283.3 1 0
github.com/romakorinenko/task-manager/internal/repository/task_repository.go:284.2,287.18 3 0
github.com/romakorinenko/task-manager/internal/repository/task_repository.go:287.18,289.76 2 0
github.com/romakorinenko/task-manager/internal/repository/task_repository.go:289.76,292.4 2 0
github.com/romakorinenko/task-manager/internal/repository/task_repository.go:294.3,294.26 1 0
github.com/romakorinenko/task-manager/internal/repository/task_repository.go:297.2,297.17 1 0
github.com/romakorinenko/task-manager/internal/repository/task_repository.go:300.73,302.16 2 0
github.com/romakorinenko/task-manager/internal/repository/task_repository.go:302.16,304.3 1 0
github.com/romakorinenko/task-manager/internal/repository/task_repository.go:305.2,307.17 2 0
github.com/romakorinenko/task-manager/internal/repository/task_repository.go:307.17,310.24 3 0
github.com/romakorinenko/task-manager/internal/repository/task_repository.go:310.24,312.4 1 0
github.com/romakorinenko/task-manager/internal/repository/task_repository.go:313.3,313.17 1 0
github.com/romakorinenko/task-manager/internal/repository/task_repository.go:315.2,315.71 1 0
github.com/romakorinenko/task-manager/internal/repository/user_repository.go:40.50,42.2 1 0
github.com/romakorinenko/task-manager/internal/repository/user_repository.go:44.66,46.16 2 0
github.com/romakorinenko/task-manager/internal/repository/user_repository.go:46.16,48.3 1 0
github.com/romakorinenko/task-manager/internal/repository/user_repository.go:49.2,58.64 7 0
github.com/romakorinenko/task-manager/internal/repository/user_repository.go:58.64,60.3 1 0
github.com/romakorinenko/task-manager/internal/repository/user_repository.go:62.2,62.13 1 0
github.com/romakorinenko/task-manager/internal/repository/user_repository.go:65.71,74.2 4 0
github.com/romakorinenko/task-manager/internal/repository/user_repository.go:76.85,83.60 5 0
github.com/romakorinenko/task-manager/internal/repository/user_repository.go:83.60,85.3 1 0
github.com/romakorinenko/task-manager/internal/repository/user_repository.go:87.2,87.19 1 0
github.com/romakorinenko/task-manager/internal/repository/user_repository.go:90.55,96.16 3 0
github.com/romakorinenko/task-manager/internal/repository/user_repository.go:96.16,98.3 1 0
github.com/romakorinenko/task-manager/internal/repository/user_repository.go:99.2,102.18 3 0
github.com/romakorinenko/task-manager/internal/repository/user_repository.go:102.18,105.24 3 0
github.com/romakorinenko/task-manager/internal/repository/user_repository.go:105.24,107.4 1 0
github.com/romakorinenko/task-manager/internal/repository/user_repository.go:108.3,108.26 1 0
github.com/romakorinenko/task-manager/internal/repository/user_repository.go:111.2,111.12 1 0
github.com/romakorinenko/task-manager/internal/repository/user_repository.go:114.73,116.16 2 0
github.com/romakorinenko/task-manager/internal/repository/user_repository.go:116.16,118.3 1 0
github.com/romakorinenko/task-manager/internal/repository/user_repository.go:119.2,121.17 2 0
github.com/romakorinenko/task-manager/internal/repository/user_repository.go:121.17,124.24 3 0
github.com/romakorinenko/task-manager/internal/repository/user_repository.go:124.24,126.4 1 0
github.com/romakorinenko/task-manager/internal/repository/user_repository.go:127.3,127.17 1 0
github.com/romakorinenko/task-manager/internal/repository/user_repository.go:129.2,129.71 1 0
github.com/romakorinenko/task-manager/internal/repository/mocks/task_repository_mocks.go:32.63,36.2 3 1
github.com/romakorinenko/task-manager/internal/repository/mocks/task_repository_mocks.go:39.61,41.2 1 1
github.com/romakorinenko/task-manager/internal/repository/mocks/task_repository_mocks.go:44.89,50.2 5 1
github.com/romakorinenko/task-manager/internal/repository/mocks/task_repository_mocks.go:53.73,56.2 2 1
github.com/romakorinenko/task-manager/internal/repository/mocks/task_repository_mocks.go:59.75,64.2 4 0
github.com/romakorinenko/task-manager/internal/repository/mocks/task_repository_mocks.go:67.79,70.2 2 0
github.com/romakorinenko/task-manager/internal/repository/mocks/task_repository_mocks.go:73.92,79.2 5 1
github.com/romakorinenko/task-manager/internal/repository/mocks/task_repository_mocks.go:82.76,85.2 2 1
github.com/romakorinenko/task-manager/internal/repository/mocks/task_repository_mocks.go:88.101,94.2 5 1
github.com/romakorinenko/task-manager/internal/repository/mocks/task_repository_mocks.go:97.84,100.2 2 1
github.com/romakorinenko/task-manager/internal/repository/mocks/task_repository_mocks.go:103.100,109.2 5 1
github.com/romakorinenko/task-manager/internal/repository/mocks/task_repository_mocks.go:112.80,115.2 2 1
github.com/romakorinenko/task-manager/internal/repository/mocks/task_repository_mocks.go:118.106,124.2 5 0
github.com/romakorinenko/task-manager/internal/repository/mocks/task_repository_mocks.go:127.86,130.2 2 0
github.com/romakorinenko/task-manager/internal/repository/mocks/task_repository_mocks.go:133.114,139.2 5 0
github.com/romakorinenko/task-manager/internal/repository/mocks/task_repository_mocks.go:142.89,145.2 2 0
github.com/romakorinenko/task-manager/internal/repository/mocks/task_repository_mocks.go:148.100,154.2 5 1
github.com/romakorinenko/task-manager/internal/repository/mocks/task_repository_mocks.go:157.78,160.2 2 1
github.com/romakorinenko/task-manager/internal/repository/mocks/task_repository_mocks.go:163.120,169.2 5 1
github.com/romakorinenko/task-manager/internal/repository/mocks/task_repository_mocks.go:172.94,175.2 2 1
github.com/romakorinenko/task-manager/internal/repository/mocks/task_repository_mocks.go:178.82,183.2 4 1
github.com/romakorinenko/task-manager/internal/repository/mocks/task_repository_mocks.go:186.73,189.2 2 1
github.com/romakorinenko/task-manager/internal/repository/mocks/user_repository_mocks.go:32.63,36.2 3 1
github.com/romakorinenko/task-manager/internal/repository/mocks/user_repository_mocks.go:39.61,41.2 1 1
github.com/romakorinenko/task-manager/internal/repository/mocks/user_repository_mocks.go:44.76,49.2 4 0
github.com/romakorinenko/task-manager/internal/repository/mocks/user_repository_mocks.go:52.78,55.2 2 0
github.com/romakorinenko/task-manager/internal/repository/mocks/user_repository_mocks.go:58.93,63.2 4 0
github.com/romakorinenko/task-manager/internal/repository/mocks/user_repository_mocks.go:66.73,69.2 2 0
github.com/romakorinenko/task-manager/internal/repository/mocks/user_repository_mocks.go:72.71,77.2 4 0
github.com/romakorinenko/task-manager/internal/repository/mocks/user_repository_mocks.go:80.67,83.2 2 0
github.com/romakorinenko/task-manager/internal/repository/mocks/user_repository_mocks.go:86.101,92.2 5 1
github.com/romakorinenko/task-manager/internal/repository/mocks/user_repository_mocks.go:95.82,98.2 2 1
github.com/romakorinenko/task-manager/internal/service/task_service.go:29.108,34.2 1 1
github.com/romakorinenko/task-manager/internal/service/task_service.go:36.64,38.2 1 1
github.com/romakorinenko/task-manager/internal/service/task_service.go:40.116,42.36 2 1
github.com/romakorinenko/task-manager/internal/service/task_service.go:42.36,44.3 1 1
github.com/romakorinenko/task-manager/internal/service/task_service.go:46.2,46.65 1 1
github.com/romakorinenko/task-manager/internal/service/task_service.go:49.116,50.89 1 1
github.com/romakorinenko/task-manager/internal/service/task_service.go:50.89,52.3 1 1
github.com/romakorinenko/task-manager/internal/service/task_service.go:54.2,55.16 2 1
github.com/romakorinenko/task-manager/internal/service/task_service.go:55.16,57.3 1 1
github.com/romakorinenko/task-manager/internal/service/task_service.go:59.2,70.52 3 1
github.com/romakorinenko/task-manager/internal/service/task_service.go:76.9,77.86 1 1
github.com/romakorinenko/task-manager/internal/service/task_service.go:77.86,79.3 1 1
github.com/romakorinenko/task-manager/internal/service/task_service.go:81.2,82.16 2 1
github.com/romakorinenko/task-manager/internal/service/task_service.go:82.16,84.3 1 1
github.com/romakorinenko/task-manager/internal/service/task_service.go:86.2,92.52 6 1
github.com/romakorinenko/task-manager/internal/service/task_service.go:95.98,96.18 1 1
github.com/romakorinenko/task-manager/internal/service/task_service.go:96.18,98.3 1 1
github.com/romakorinenko/task-manager/internal/service/task_service.go:100.2,101.51 2 1
github.com/romakorinenko/task-manager/internal/service/task_service.go:101.51,102.27 1 1
github.com/romakorinenko/task-manager/internal/service/task_service.go:102.27,104.4 1 1
github.com/romakorinenko/task-manager/internal/service/task_service.go:106.2,106.15 1 1
github.com/romakorinenko/task-manager/internal/service/task_service.go:106.15,108.3 1 1
github.com/romakorinenko/task-manager/internal/service/task_service.go:110.2,110.50 1 1
github.com/romakorinenko/task-manager/internal/service/task_service.go:113.99,114.34 1 1
github.com/romakorinenko/task-manager/internal/service/task_service.go:114.34,116.3 1 1
github.com/romakorinenko/task-manager/internal/service/task_service.go:118.2,118.54 1 1
github.com/romakorinenko/task-manager/internal/service/user_service.go:23.71,25.2 1 0
github.com/romakorinenko/task-manager/internal/service/user_service.go:27.64,29.2 1 0
github.com/romakorinenko/task-manager/internal/service/user_service.go:31.80,33.50 2 0
github.com/romakorinenko/task-manager/internal/service/user_service.go:33.50,35.3 1 0
github.com/romakorinenko/task-manager/internal/service/user_service.go:37.2,37.23 1 0
github.com/romakorinenko/task-manager/internal/service/user_service.go:37.23,39.3 1 0
github.com/romakorinenko/task-manager/internal/service/user_service.go:41.2,42.24 2 0
github.com/romakorinenko/task-manager/internal/service/user_service.go:42.24,44.3 1 0
github.com/romakorinenko/task-manager/internal/service/user_service.go:46.2,46.12 1 0
github.com/romakorinenko/task-manager/internal/service/user_service.go:49.90,51.16 2 0
github.com/romakorinenko/task-manager/internal/service/user_service.go:51.16,53.3 1 0
github.com/romakorinenko/task-manager/internal/service/user_service.go:55.2,55.13 1 0
github.com/romakorinenko/task-manager/internal/service/user_service.go:58.69,60.2 1 0
github.com/romakorinenko/task-manager/internal/controller/task_controller.go:36.108,41.2 1 1
github.com/romakorinenko/task-manager/internal/controller/task_controller.go:53.57,56.16 3 1
github.com/romakorinenko/task-manager/internal/controller/task_controller.go:56.16,59.3 2 0
github.com/romakorinenko/task-manager/internal/controller/task_controller.go:61.2,61.30 1 1
github.com/romakorinenko/task-manager/internal/controller/task_controller.go:76.49,79.17 3 0
github.com/romakorinenko/task-manager/internal/controller/task_controller.go:79.17,82.3 2 0
github.com/romakorinenko/task-manager/internal/controller/task_controller.go:84.2,85.9 2 0
github.com/romakorinenko/task-manager/internal/controller/task_controller.go:85.9,88.3 2 0
github.com/romakorinenko/task-manager/internal/controller/task_controller.go:90.2,91.16 2 0
github.com/romakorinenko/task-manager/internal/controller/task_controller.go:91.16,94.3 2 0
github.com/romakorinenko/task-manager/internal/controller/task_controller.go:96.2,97.51 2 0
github.com/romakorinenko/task-manager/internal/controller/task_controller.go:110.50,113.16 3 1
github.com/romakorinenko/task-manager/internal/controller/task_controller.go:113.16,116.3 2 0
github.com/romakorinenko/task-manager/internal/controller/task_controller.go:118.2,119.16 2 1
github.com/romakorinenko/task-manager/internal/controller/task_controller.go:119.16,122.3 2 1
github.com/romakorinenko/task-manager/internal/controller/task_controller.go:124.2,124.42 1 1
github.com/romakorinenko/task-manager/internal/controller/task_controller.go:136.47,139.16 3 1
github.com/romakorinenko/task-manager/internal/controller/task_controller.go:139.16,142.3 2 0
github.com/romakorinenko/task-manager/internal/controller/task_controller.go:144.2,145.16 2 1
github.com/romakorinenko/task-manager/internal/controller/task_controller.go:145.16,148.3 2 1
github.com/romakorinenko/task-manager/internal/controller/task_controller.go:150.2,150.47 1 1
github.com/romakorinenko/task-manager/internal/controller/task_controller.go:169.49,175.16 6 1
github.com/romakorinenko/task-manager/internal/controller/task_controller.go:175.16,178.3 2 0
github.com/romakorinenko/task-manager/internal/controller/task_controller.go:179.2,181.16 3 1
github.com/romakorinenko/task-manager/internal/controller/task_controller.go:181.16,184.3 2 0
github.com/romakorinenko/task-manager/internal/controller/task_controller.go:186.2,187.52 2 1
github.com/romakorinenko/task-manager/internal/controller/task_controller.go:187.52,190.3 2 1
github.com/romakorinenko/task-manager/internal/controller/task_controller.go:190.8,190.23 1 1
github.com/romakorinenko/task-manager/internal/controller/task_controller.go:190.23,193.3 2 1
github.com/romakorinenko/task-manager/internal/controller/task_controller.go:195.2,195.64 1 1
github.com/romakorinenko/task-manager/internal/controller/task_controller.go:210.49,213.16 3 1
github.com/romakorinenko/task-manager/internal/controller/task_controller.go:213.16,216.3 2 1
github.com/romakorinenko/task-manager/internal/controller/task_controller.go:217.2,218.16 2 1
github.com/romakorinenko/task-manager/internal/controller/task_controller.go:218.16,221.3 2 1
github.com/romakorinenko/task-manager/internal/controller/task_controller.go:223.2,223.40 1 1
github.com/romakorinenko/task-manager/internal/controller/task_controller.go:241.49,247.16 6 1
github.com/romakorinenko/task-manager/internal/controller/task_controller.go:247.16,250.3 2 1
github.com/romakorinenko/task-manager/internal/controller/task_controller.go:252.2,253.52 2 1
github.com/romakorinenko/task-manager/internal/controller/task_controller.go:253.52,256.3 2 1
github.com/romakorinenko/task-manager/internal/controller/task_controller.go:256.8,256.23 1 1
github.com/romakorinenko/task-manager/internal/controller/task_controller.go:256.23,259.3 2 1
github.com/romakorinenko/task-manager/internal/controller/task_controller.go:261.2,261.71 1 1
github.com/romakorinenko/task-manager/internal/controller/task_controller.go:274.57,277.17 3 1
github.com/romakorinenko/task-manager/internal/controller/task_controller.go:277.17,280.3 2 1
github.com/romakorinenko/task-manager/internal/controller/task_controller.go:281.2,282.9 2 0
github.com/romakorinenko/task-manager/internal/controller/task_controller.go:282.9,285.3 2 0
github.com/romakorinenko/task-manager/internal/controller/task_controller.go:287.2,288.44 2 0
github.com/romakorinenko/task-manager/internal/controller/task_controller.go:288.44,291.3 2 0
github.com/romakorinenko/task-manager/internal/controller/task_controller.go:291.8,291.50 1 0
github.com/romakorinenko/task-manager/internal/controller/task_controller.go:291.50,294.3 2 0
github.com/romakorinenko/task-manager/internal/controller/task_controller.go:296.2,296.49 1 0
github.com/romakorinenko/task-manager/internal/controller/task_controller.go:312.54,316.52 3 1
github.com/romakorinenko/task-manager/internal/controller/task_controller.go:316.52,319.3 2 1
github.com/romakorinenko/task-manager/internal/controller/task_controller.go:319.8,319.23 1 1
github.com/romakorinenko/task-manager/internal/controller/task_controller.go:319.23,322.3 2 0
github.com/romakorinenko/task-manager/internal/controller/task_controller.go:324.2,324.30 1 1
github.com/romakorinenko/task-manager/internal/controller/task_controller.go:339.56,341.25 2 1
github.com/romakorinenko/task-manager/internal/controller/task_controller.go:341.25,344.3 2 0
github.com/romakorinenko/task-manager/internal/controller/task_controller.go:345.2,346.23 2 1
github.com/romakorinenko/task-manager/internal/controller/task_controller.go:346.23,349.3 2 1
github.com/romakorinenko/task-manager/internal/controller/task_controller.go:351.2,352.52 2 1
github.com/romakorinenko/task-manager/internal/controller/task_controller.go:352.52,355.3 2 0
github.com/romakorinenko/task-manager/internal/controller/task_controller.go:355.8,355.23 1 1
github.com/romakorinenko/task-manager/internal/controller/task_controller.go:355.23,358.3 2 0
github.com/romakorinenko/task-manager/internal/controller/task_controller.go:360.2,360.30 1 1
github.com/romakorinenko/task-manager/internal/controller/user_controller.go:18.13,20.2 1 1
github.com/romakorinenko/task-manager/internal/controller/user_controller.go:37.74,39.2 1 1
github.com/romakorinenko/task-manager/internal/controller/user_controller.go:50.54,53.17 3 1
github.com/romakorinenko/task-manager/internal/controller/user_controller.go:53.17,56.3 2 0
github.com/romakorinenko/task-manager/internal/controller/user_controller.go:58.2,58.42 1 1
github.com/romakorinenko/task-manager/internal/controller/user_controller.go:74.48,79.17 4 1
github.com/romakorinenko/task-manager/internal/controller/user_controller.go:79.17,82.3 2 1
github.com/romakorinenko/task-manager/internal/controller/user_controller.go:84.2,84.57 1 1
github.com/romakorinenko/task-manager/internal/controller/user_controller.go:84.57,87.40 3 1
github.com/romakorinenko/task-manager/internal/controller/user_controller.go:87.40,90.4 2 0
github.com/romakorinenko/task-manager/internal/controller/user_controller.go:92.3,92.41 1 1
github.com/romakorinenko/task-manager/internal/controller/user_controller.go:93.8,95.3 1 0
github.com/romakorinenko/task-manager/internal/controller/user_controller.go:107.49,110.39 3 1
github.com/romakorinenko/task-manager/internal/controller/user_controller.go:110.39,112.3 1 0
github.com/romakorinenko/task-manager/internal/controller/user_controller.go:113.2,113.35 1 1
github.com/romakorinenko/task-manager/internal/controller/user_controller.go:127.49,129.51 2 1
github.com/romakorinenko/task-manager/internal/controller/user_controller.go:129.51,132.3 2 1
github.com/romakorinenko/task-manager/internal/controller/user_controller.go:134.2,135.56 2 1
github.com/romakorinenko/task-manager/internal/controller/user_controller.go:135.56,138.3 2 1
github.com/romakorinenko/task-manager/internal/controller/user_controller.go:138.8,138.23 1 0
github.com/romakorinenko/task-manager/internal/controller/user_controller.go:138.23,141.3 2 0
github.com/romakorinenko/task-manager/internal/controller/user_controller.go:143.2,143.105 1 0
github.com/romakorinenko/task-manager/internal/controller/user_controller.go:156.48,159.78 2 1
github.com/romakorinenko/task-manager/internal/controller/user_controller.go:159.78,161.3 1 1
github.com/romakorinenko/task-manager/internal/controller/user_controller.go:161.8,163.3 1 1
github.com/romakorinenko/task-manager/internal/controller/user_controller.go:175.49,178.2 2 1
github.com/romakorinenko/task-manager/internal/dbpool/dbpool.go:10.78,12.16 2 1
github.com/romakorinenko/task-manager/internal/dbpool/dbpool.go:12.16,14.3 1 0
github.com/romakorinenko/task-manager/internal/dbpool/dbpool.go:15.2,15.45 1 1
github.com/romakorinenko/task-manager/internal/errs/err.go:5.39,7.2 1 0
github.com/romakorinenko/task-manager/internal/errs/err.go:11.35,13.2 1 1
github.com/romakorinenko/task-manager/internal/repository/task_repository.go:63.50,65.2 1 0
github.com/romakorinenko/task-manager/internal/repository/task_repository.go:67.73,69.16 2 0
github.com/romakorinenko/task-manager/internal/repository/task_repository.go:69.16,71.3 1 0
github.com/romakorinenko/task-manager/internal/repository/task_repository.go:73.2,79.64 5 0
github.com/romakorinenko/task-manager/internal/repository/task_repository.go:79.64,81.3 1 0
github.com/romakorinenko/task-manager/internal/repository/task_repository.go:83.2,83.21 1 0
github.com/romakorinenko/task-manager/internal/repository/task_repository.go:86.66,101.16 5 0
github.com/romakorinenko/task-manager/internal/repository/task_repository.go:101.16,103.3 1 0
github.com/romakorinenko/task-manager/internal/repository/task_repository.go:105.2,105.12 1 0
github.com/romakorinenko/task-manager/internal/repository/task_repository.go:108.70,115.2 4 0
github.com/romakorinenko/task-manager/internal/repository/task_repository.go:117.76,125.63 6 0
github.com/romakorinenko/task-manager/internal/repository/task_repository.go:125.63,127.3 1 0
github.com/romakorinenko/task-manager/internal/repository/task_repository.go:129.2,129.19 1 0
github.com/romakorinenko/task-manager/internal/repository/task_repository.go:132.90,139.16 4 0
github.com/romakorinenko/task-manager/internal/repository/task_repository.go:139.16,141.3 1 0
github.com/romakorinenko/task-manager/internal/repository/task_repository.go:142.2,145.18 3 0
github.com/romakorinenko/task-manager/internal/repository/task_repository.go:145.18,148.24 3 0
github.com/romakorinenko/task-manager/internal/repository/task_repository.go:148.24,150.4 1 0
github.com/romakorinenko/task-manager/internal/repository/task_repository.go:151.3,151.26 1 0
github.com/romakorinenko/task-manager/internal/repository/task_repository.go:154.2,154.17 1 0
github.com/romakorinenko/task-manager/internal/repository/task_repository.go:157.84,173.16 4 0
github.com/romakorinenko/task-manager/internal/repository/task_repository.go:173.16,175.3 1 0
github.com/romakorinenko/task-manager/internal/repository/task_repository.go:176.2,179.18 3 0
github.com/romakorinenko/task-manager/internal/repository/task_repository.go:179.18,182.24 3 0
github.com/romakorinenko/task-manager/internal/repository/task_repository.go:182.24,184.4 1 0
github.com/romakorinenko/task-manager/internal/repository/task_repository.go:185.3,185.26 1 0
github.com/romakorinenko/task-manager/internal/repository/task_repository.go:187.2,187.17 1 0
github.com/romakorinenko/task-manager/internal/repository/task_repository.go:190.104,208.16 4 0
github.com/romakorinenko/task-manager/internal/repository/task_repository.go:208.16,210.3 1 0
github.com/romakorinenko/task-manager/internal/repository/task_repository.go:211.2,214.18 3 0
github.com/romakorinenko/task-manager/internal/repository/task_repository.go:214.18,217.24 3 0
github.com/romakorinenko/task-manager/internal/repository/task_repository.go:217.24,219.4 1 0
github.com/romakorinenko/task-manager/internal/repository/task_repository.go:220.3,220.26 1 0
github.com/romakorinenko/task-manager/internal/repository/task_repository.go:223.2,223.17 1 0
github.com/romakorinenko/task-manager/internal/repository/task_repository.go:226.98,241.63 6 0
github.com/romakorinenko/task-manager/internal/repository/task_repository.go:241.63,243.3 1 0
github.com/romakorinenko/task-manager/internal/repository/task_repository.go:245.2,245.19 1 0
github.com/romakorinenko/task-manager/internal/repository/task_repository.go:248.84,255.16 4 0
github.com/romakorinenko/task-manager/internal/repository/task_repository.go:255.16,257.3 1 0
github.com/romakorinenko/task-manager/internal/repository/task_repository.go:258.2,261.18 3 0
github.com/romakorinenko/task-manager/internal/repository/task_repository.go:261.18,263.76 2 0
github.com/romakorinenko/task-manager/internal/repository/task_repository.go:263.76,266.4 2 0
github.com/romakorinenko/task-manager/internal/repository/task_repository.go:268.3,268.26 1 0
github.com/romakorinenko/task-manager/internal/repository/task_repository.go:271.2,271.17 1 0
github.com/romakorinenko/task-manager/internal/repository/task_repository.go:274.85,281.16 4 0
github.com/romakorinenko/task-manager/internal/repository/task_repository.go:281.16,283.3 1 0
github.com/romakorinenko/task-manager/internal/repository/task_repository.go:284.2,287.18 3 0
github.com/romakorinenko/task-manager/internal/repository/task_repository.go:287.18,289.76 2 0
github.com/romakorinenko/task-manager/internal/repository/task_repository.go:289.76,292.4 2 0
github.com/romakorinenko/task-manager/internal/repository/task_repository.go:294.3,294.26 1 0
github.com/romakorinenko/task-manager/internal/repository/task_repository.go:297.2,297.17 1 0
github.com/romakorinenko/task-manager/internal/repository/task_repository.go:300.73,302.16 2 0
github.com/romakorinenko/task-manager/internal/repository/task_repository.go:302.16,304.3 1 0
github.com/romakorinenko/task-manager/internal/repository/task_repository.go:305.2,307.17 2 0
github.com/romakorinenko/task-manager/internal/repository/task_repository.go:307.17,310.24 3 0
github.com/romakorinenko/task-manager/internal/repository/task_repository.go:310.24,312.4 1 0
github.com/romakorinenko/task-manager/internal/repository/task_repository.go:313.3,313.17 1 0
github.com/romakorinenko/task-manager/internal/repository/task_repository.go:315.2,315.71 1 0
github.com/romakorinenko/task-manager/internal/repository/user_repository.go:40.50,42.2 1 1
github.com/romakorinenko/task-manager/internal/repository/user_repository.go:44.66,46.16 2 1
github.com/romakorinenko/task-manager/internal/repository/user_repository.go:46.16,48.3 1 0
github.com/romakorinenko/task-manager/internal/repository/user_repository.go:49.2,58.64 7 1
github.com/romakorinenko/task-manager/internal/repository/user_repository.go:58.64,60.3 1 0
github.com/romakorinenko/task-manager/internal/repository/user_repository.go:62.2,62.13 1 1
github.com/romakorinenko/task-manager/internal/repository/user_repository.go:65.71,74.2 4 1
github.com/romakorinenko/task-manager/internal/repository/user_repository.go:76.85,83.60 5 1
github.com/romakorinenko/task-manager/internal/repository/user_repository.go:83.60,85.3 1 1
github.com/romakorinenko/task-manager/internal/repository/user_repository.go:87.2,87.19 1 1
github.com/romakorinenko/task-manager/internal/repository/user_repository.go:90.55,96.16 3 1
github.com/romakorinenko/task-manager/internal/repository/user_repository.go:96.16,98.3 1 0
github.com/romakorinenko/task-manager/internal/repository/user_repository.go:99.2,102.18 3 1
github.com/romakorinenko/task-manager/internal/repository/user_repository.go:102.18,105.24 3 1
github.com/romakorinenko/task-manager/internal/repository/user_repository.go:105.24,107.4 1 0
github.com/romakorinenko/task-manager/internal/repository/user_repository.go:108.3,108.26 1 1
github.com/romakorinenko/task-manager/internal/repository/user_repository.go:111.2,111.12 1 1
github.com/romakorinenko/task-manager/internal/repository/user_repository.go:114.73,116.16 2 1
github.com/romakorinenko/task-manager/internal/repository/user_repository.go:116.16,118.3 1 0
github.com/romakorinenko/task-manager/internal/repository/user_repository.go:119.2,121.17 2 1
github.com/romakorinenko/task-manager/internal/repository/user_repository.go:121.17,124.24 3 1
github.com/romakorinenko/task-manager/internal/repository/user_repository.go:124.24,126.4 1 0
github.com/romakorinenko/task-manager/internal/repository/user_repository.go:127.3,127.17 1 1
github.com/romakorinenko/task-manager/internal/repository/user_repository.go:129.2,129.71 1 0
github.com/romakorinenko/task-manager/internal/repository/mocks/task_repository_mocks.go:32.63,36.2 3 1
github.com/romakorinenko/task-manager/internal/repository/mocks/task_repository_mocks.go:39.61,41.2 1 1
github.com/romakorinenko/task-manager/internal/repository/mocks/task_repository_mocks.go:44.89,50.2 5 1
github.com/romakorinenko/task-manager/internal/repository/mocks/task_repository_mocks.go:53.73,56.2 2 1
github.com/romakorinenko/task-manager/internal/repository/mocks/task_repository_mocks.go:59.75,64.2 4 1
github.com/romakorinenko/task-manager/internal/repository/mocks/task_repository_mocks.go:67.79,70.2 2 1
github.com/romakorinenko/task-manager/internal/repository/mocks/task_repository_mocks.go:73.92,79.2 5 1
github.com/romakorinenko/task-manager/internal/repository/mocks/task_repository_mocks.go:82.76,85.2 2 1
github.com/romakorinenko/task-manager/internal/repository/mocks/task_repository_mocks.go:88.101,94.2 5 1
github.com/romakorinenko/task-manager/internal/repository/mocks/task_repository_mocks.go:97.84,100.2 2 1
github.com/romakorinenko/task-manager/internal/repository/mocks/task_repository_mocks.go:103.100,109.2 5 1
github.com/romakorinenko/task-manager/internal/repository/mocks/task_repository_mocks.go:112.80,115.2 2 1
github.com/romakorinenko/task-manager/internal/repository/mocks/task_repository_mocks.go:118.106,124.2 5 1
github.com/romakorinenko/task-manager/internal/repository/mocks/task_repository_mocks.go:127.86,130.2 2 1
github.com/romakorinenko/task-manager/internal/repository/mocks/task_repository_mocks.go:133.114,139.2 5 1
github.com/romakorinenko/task-manager/internal/repository/mocks/task_repository_mocks.go:142.89,145.2 2 1
github.com/romakorinenko/task-manager/internal/repository/mocks/task_repository_mocks.go:148.100,154.2 5 0
github.com/romakorinenko/task-manager/internal/repository/mocks/task_repository_mocks.go:157.78,160.2 2 0
github.com/romakorinenko/task-manager/internal/repository/mocks/task_repository_mocks.go:163.120,169.2 5 0
github.com/romakorinenko/task-manager/internal/repository/mocks/task_repository_mocks.go:172.94,175.2 2 0
github.com/romakorinenko/task-manager/internal/repository/mocks/task_repository_mocks.go:178.82,183.2 4 1
github.com/romakorinenko/task-manager/internal/repository/mocks/task_repository_mocks.go:186.73,189.2 2 1
github.com/romakorinenko/task-manager/internal/repository/mocks/user_repository_mocks.go:32.63,36.2 3 1
github.com/romakorinenko/task-manager/internal/repository/mocks/user_repository_mocks.go:39.61,41.2 1 1
github.com/romakorinenko/task-manager/internal/repository/mocks/user_repository_mocks.go:44.76,49.2 4 0
github.com/romakorinenko/task-manager/internal/repository/mocks/user_repository_mocks.go:52.78,55.2 2 0
github.com/romakorinenko/task-manager/internal/repository/mocks/user_repository_mocks.go:58.93,63.2 4 0
github.com/romakorinenko/task-manager/internal/repository/mocks/user_repository_mocks.go:66.73,69.2 2 0
github.com/romakorinenko/task-manager/internal/repository/mocks/user_repository_mocks.go:72.71,77.2 4 0
github.com/romakorinenko/task-manager/internal/repository/mocks/user_repository_mocks.go:80.67,83.2 2 0
github.com/romakorinenko/task-manager/internal/repository/mocks/user_repository_mocks.go:86.101,92.2 5 1
github.com/romakorinenko/task-manager/internal/repository/mocks/user_repository_mocks.go:95.82,98.2 2 1
github.com/romakorinenko/task-manager/test/test_db.go:34.69,39.9 4 1
github.com/romakorinenko/task-manager/test/test_db.go:39.9,41.3 1 0
github.com/romakorinenko/task-manager/test/test_db.go:42.2,57.3 8 1
github.com/romakorinenko/task-manager/test/test_db.go:60.60,88.2 10 1
github.com/romakorinenko/task-manager/test/test_db.go:90.49,91.53 1 1
github.com/romakorinenko/task-manager/test/test_db.go:91.53,93.3 1 0
github.com/romakorinenko/task-manager/test/test_db.go:95.2,95.26 1 1
github.com/romakorinenko/task-manager/test/test_db.go:98.29,100.16 2 1
github.com/romakorinenko/task-manager/test/test_db.go:100.16,102.3 1 0
github.com/romakorinenko/task-manager/test/test_router.go:12.36,15.9 3 1
github.com/romakorinenko/task-manager/test/test_router.go:15.9,17.3 1 0
github.com/romakorinenko/task-manager/test/test_router.go:18.2,25.15 6 1
